{"level":"info","message":"Server escuchando en puerto 3000","timestamp":"2024-07-04T23:37:20.933Z"}
{"level":"info","message":"Prueba log info","timestamp":"2024-07-04T23:37:25.421Z"}
{"level":"http","message":"Prueba log http","timestamp":"2024-07-04T23:37:25.422Z"}
{"level":"debug","message":"Prueba log debug","timestamp":"2024-07-04T23:37:25.423Z"}
{"level":"warn","message":"Prueba log warn","timestamp":"2024-07-04T23:37:25.425Z"}
{"level":"error","message":"Prueba log error","timestamp":"2024-07-04T23:37:25.426Z"}
{"level":"info","message":"Server escuchando en puerto 3000","timestamp":"2024-07-04T23:39:03.461Z"}
{"level":"debug","message":"Prueba log debug","timestamp":"2024-07-04T23:40:41.940Z"}
{"level":"debug","message":"Prueba log debug","timestamp":"2024-07-04T23:40:42.150Z"}
{"level":"debug","message":"Prueba log debug","timestamp":"2024-07-04T23:40:42.333Z"}
{"level":"debug","message":"Prueba log debug","timestamp":"2024-07-04T23:40:42.516Z"}
{"level":"debug","message":"Prueba log debug","timestamp":"2024-07-04T23:40:42.707Z"}
{"level":"debug","message":"Prueba log debug","timestamp":"2024-07-04T23:40:42.906Z"}
{"level":"debug","message":"Prueba log debug","timestamp":"2024-07-04T23:40:43.082Z"}
{"level":"debug","message":"Prueba log debug","timestamp":"2024-07-04T23:40:43.260Z"}
{"level":"debug","message":"Prueba log debug","timestamp":"2024-07-04T23:40:43.427Z"}
{"level":"debug","message":"Prueba log debug","timestamp":"2024-07-04T23:40:43.598Z"}
{"level":"debug","message":"Prueba log debug","timestamp":"2024-07-04T23:40:43.760Z"}
{"level":"debug","message":"Prueba log debug","timestamp":"2024-07-04T23:41:34.708Z"}
{"level":"debug","message":"Prueba log debug","timestamp":"2024-07-04T23:41:34.846Z"}
{"level":"debug","message":"Prueba log debug","timestamp":"2024-07-04T23:41:35.006Z"}
{"level":"debug","message":"Prueba log debug","timestamp":"2024-07-04T23:41:35.164Z"}
{"level":"debug","message":"Prueba log debug","timestamp":"2024-07-04T23:41:35.324Z"}
{"level":"debug","message":"PRUEBA LOG DEBUG","timestamp":"2024-07-04T23:42:21.275Z"}
{"level":"debug","message":"PRUEBA LOG DEBUG","timestamp":"2024-07-04T23:42:21.432Z"}
{"level":"debug","message":"PRUEBA LOG DEBUG","timestamp":"2024-07-04T23:42:21.598Z"}
{"level":"debug","message":"PRUEBA LOG DEBUG","timestamp":"2024-07-04T23:42:21.756Z"}
{"level":"debug","message":"PRUEBA LOG DEBUG","timestamp":"2024-07-04T23:42:21.902Z"}
{"level":"debug","message":"PRUEBA LOG DEBUG","timestamp":"2024-07-04T23:53:36.709Z"}
{"level":"debug","message":"PRUEBA LOG DEBUG","timestamp":"2024-07-04T23:53:37.315Z"}
{"level":"debug","message":"PRUEBA LOG DEBUG","timestamp":"2024-07-04T23:53:37.571Z"}
{"level":"debug","message":"PRUEBA LOG DEBUG","timestamp":"2024-07-04T23:53:37.749Z"}
{"level":"debug","message":"PRUEBA LOG DEBUG","timestamp":"2024-07-04T23:57:42.143Z"}
{"level":"debug","message":"PRUEBA LOG DEBUG","timestamp":"2024-07-04T23:57:42.955Z"}
{"level":"debug","message":"PRUEBA LOG DEBUG","timestamp":"2024-07-04T23:57:43.348Z"}
{"level":"debug","message":"PRUEBA LOG DEBUG","timestamp":"2024-07-04T23:57:43.520Z"}
{"level":"debug","message":"PRUEBA LOG DEBUG","timestamp":"2024-07-04T23:57:43.694Z"}
{"level":"debug","message":"PRUEBA LOG DEBUG","timestamp":"2024-07-04T23:59:45.219Z"}
{"level":"debug","message":"PRUEBA LOG DEBUG","timestamp":"2024-07-05T00:00:35.131Z"}
{"level":"debug","message":"PRUEBA LOG DEBUG","timestamp":"2024-07-05T00:02:12.511Z"}
{"level":"debug","message":"PRUEBA LOG DEBUG","timestamp":"2024-07-05T00:03:22.962Z"}
{"level":"debug","message":"PRUEBA LOG DEBUG","timestamp":"2024-07-05T00:03:23.175Z"}
{"level":"debug","message":"PRUEBA LOG DEBUG","timestamp":"2024-07-05T00:06:09.111Z"}
{"level":"debug","message":"PRUEBA LOG DEBUG","timestamp":"2024-07-05T00:06:09.600Z"}
{"level":"debug","message":"PRUEBA LOG DEBUG","timestamp":"2024-07-05T00:06:09.782Z"}
{"level":"debug","message":"PRUEBA LOG DEBUG","timestamp":"2024-07-05T00:06:09.951Z"}
{"level":"debug","message":"PRUEBA LOG DEBUG","timestamp":"2024-07-05T00:06:10.126Z"}
